#
# A fatal error has been detected by the Java Runtime Environment:
#
#  EXCEPTION_ACCESS_VIOLATION (0xc0000005) at pc=0x000000005bb7ea84, pid=19340, tid=18048
#
# JRE version: Java(TM) SE Runtime Environment (10.0.2+13) (build 10.0.2+13)
# Java VM: Java HotSpot(TM) 64-Bit Server VM (10.0.2+13, mixed mode, tiered, compressed oops, g1 gc, windows-amd64)
# Problematic frame:
# V  [jvm.dll+0x22ea84]
#
# No core dump will be written. Minidumps are not enabled by default on client versions of Windows
#
# If you would like to submit a bug report, please visit:
#   http://bugreport.java.com/bugreport/crash.jsp
#

---------------  S U M M A R Y ------------

Command Line: -agentlib:jdwp=transport=dt_socket,address=127.0.0.1:64551,suspend=y,server=n -javaagent:C:\Users\Roman_Bogatov1\.IdeaIC2018.2\system\captureAgent\debugger-agent.jar=file:/C:/Users/Roman_Bogatov1/AppData/Local/Temp/capture.props -Dfile.encoding=UTF-8 com.javarush.task.task08.task0824.Solution

Host: Intel(R) Core(TM) i7-7700 CPU @ 3.60GHz, 8 cores, 15G,  Windows 10 , 64 bit Build 17134 (10.0.17134.1)
Time: Wed Sep 12 15:58:04 2018 Russia TZ 2 Standard Time elapsed time: 887 seconds (0d 0h 14m 47s)

---------------  T H R E A D  ---------------

Current thread (0x000002457eda1000):  VMThread "VM Thread" [stack: 0x0000008685700000,0x0000008685800000] [id=18048]

Stack: [0x0000008685700000,0x0000008685800000],  sp=0x00000086857fea78,  free space=1018k
Native frames: (J=compiled Java code, j=interpreted, Vv=VM code, C=native code)
V  [jvm.dll+0x22ea84]


siginfo: EXCEPTION_ACCESS_VIOLATION (0xc0000005), reading address 0x000002457fd39848


Register to memory mapping:

RIP=0x000000005bb7ea84 jvm.dll
RAX=0x00000000001760a0 is an unknown value
RBX=0x0000000000000000 is an unknown value
RCX=0x000002457fbc37a8 is pointing into metadata
RDX=0x000000000000bb04 is an unknown value
RSP=0x00000086857fea78 is an unknown value
RBP=0x00000086857fefd0 is an unknown value
RSI=0x00000086857ff150 is an unknown value
RDI=0x00000086857ff150 is an unknown value
R8 =0x0000000000000000 is an unknown value
R9 =0x000002457fbc3118 is pointing into metadata
R10={method} {0x000002457fbc3728} 'main' '([Ljava/lang/String;)V' in 'com/javarush/task/task08/task0824/Solution'
R11=0x00000086857fef10 is an unknown value
R12=0x000000005c0cd601 jvm.dll
R13=0x0000000000000000 is an unknown value
R14=0x0000000000000000 is an unknown value
R15=0x0000000000000000 is an unknown value


Registers:
RAX=0x00000000001760a0, RBX=0x0000000000000000, RCX=0x000002457fbc37a8, RDX=0x000000000000bb04
RSP=0x00000086857fea78, RBP=0x00000086857fefd0, RSI=0x00000086857ff150, RDI=0x00000086857ff150
R8 =0x0000000000000000, R9 =0x000002457fbc3118, R10=0x000002457fbc3720, R11=0x00000086857fef10
R12=0x000000005c0cd601, R13=0x0000000000000000, R14=0x0000000000000000, R15=0x0000000000000000
RIP=0x000000005bb7ea84, EFLAGS=0x0000000000010206

Top of Stack: (sp=0x00000086857fea78)
0x00000086857fea78:   000000005bc6dcc0 0000000000000000
0x00000086857fea88:   00000086857ff150 00000086857feaf0
0x00000086857fea98:   0000000000000000 0000000000000000
0x00000086857feaa8:   0000000000000000 000000005c118488
0x00000086857feab8:   0000024520245740 0000000000000014
0x00000086857feac8:   0000008600000004 00000086857feaf0
0x00000086857fead8:   0000000000000002 000000002fffffff
0x00000086857feae8:   0000000000000000 4fffffff4fffffff
0x00000086857feaf8:   2fffffff2fffffff 0000000000000014
0x00000086857feb08:   000000000000000e 00000086857feb30
0x00000086857feb18:   0000000000000002 0000000000000000
0x00000086857feb28:   0000000000000000 4fffffff4fffffff
0x00000086857feb38:   2fffffff2fffffff 000000004fffffff
0x00000086857feb48:   000000005bf6d3c8 00000086857febb0
0x00000086857feb58:   0000000000000000 0000000000000000
0x00000086857feb68:   0000000000000000 00000086857ff150 

Instructions: (pc=0x000000005bb7ea84)
0x000000005bb7ea64:   15 f7 d2 48 63 c2 48 ff c0 48 c1 e0 05 48 8b 04
0x000000005bb7ea74:   08 0f b7 c0 eb 14 48 63 c2 48 ff c0 48 c1 e0 05
0x000000005bb7ea84:   48 8b 04 08 0f b7 d0 48 63 c2 41 0f b7 4c c1 42
0x000000005bb7ea94:   48 63 c1 41 0f b7 44 c1 42 49 8b 44 c1 40 c3 49 


VM_Operation (0x00000086861ff1e0): GetOrSetLocal, mode: safepoint, requested by thread 0x0000024520af2000


---------------  P R O C E S S  ---------------

Threads class SMR info:
_java_thread_list=0x0000024520ada920, length=15, elements={
0x0000024579023800, 0x0000024520348000, 0x0000024520336000, 0x000002452033c800,
0x000002452033d000, 0x0000024520393800, 0x0000024520394000, 0x0000024520397800,
0x0000024520398800, 0x00000245203cb800, 0x0000024520af2000, 0x000002452085f000,
0x0000024520906800, 0x0000024520902800, 0x000002452087f800
}

Java Threads: ( => current thread )
  0x0000024579023800 JavaThread "main" [_thread_blocked, id=15972, stack(0x0000008684200000,0x0000008684300000)]
  0x0000024520348000 JavaThread "Reference Handler" daemon [_thread_blocked, id=13068, stack(0x0000008685800000,0x0000008685900000)]
  0x0000024520336000 JavaThread "Finalizer" daemon [_thread_blocked, id=18356, stack(0x0000008685900000,0x0000008685a00000)]
  0x000002452033c800 JavaThread "Signal Dispatcher" daemon [_thread_blocked, id=3116, stack(0x0000008685a00000,0x0000008685b00000)]
  0x000002452033d000 JavaThread "Attach Listener" daemon [_thread_blocked, id=17716, stack(0x0000008685b00000,0x0000008685c00000)]
  0x0000024520393800 JavaThread "C2 CompilerThread0" daemon [_thread_blocked, id=19048, stack(0x0000008685c00000,0x0000008685d00000)]
  0x0000024520394000 JavaThread "C2 CompilerThread1" daemon [_thread_blocked, id=19392, stack(0x0000008685d00000,0x0000008685e00000)]
  0x0000024520397800 JavaThread "C2 CompilerThread2" daemon [_thread_blocked, id=3584, stack(0x0000008685e00000,0x0000008685f00000)]
  0x0000024520398800 JavaThread "C1 CompilerThread3" daemon [_thread_blocked, id=18532, stack(0x0000008685f00000,0x0000008686000000)]
  0x00000245203cb800 JavaThread "Sweeper thread" daemon [_thread_blocked, id=17024, stack(0x0000008686000000,0x0000008686100000)]
  0x0000024520af2000 JavaThread "JDWP Transport Listener: dt_socket" daemon [_thread_blocked, id=17436, stack(0x0000008686100000,0x0000008686200000)] _threads_hazard_ptr=0x0000024520ada920
  0x000002452085f000 JavaThread "JDWP Event Helper Thread" daemon [_thread_blocked, id=11752, stack(0x0000008686200000,0x0000008686300000)]
  0x0000024520906800 JavaThread "JDWP Command Reader" daemon [_thread_in_native, id=3864, stack(0x0000008686300000,0x0000008686400000)]
  0x0000024520902800 JavaThread "Common-Cleaner" daemon [_thread_blocked, id=16960, stack(0x0000008686400000,0x0000008686500000)]
  0x000002452087f800 JavaThread "Service Thread" daemon [_thread_blocked, id=13448, stack(0x0000008686500000,0x0000008686600000)]

Other Threads:
=>0x000002457eda1000 VMThread "VM Thread" [stack: 0x0000008685700000,0x0000008685800000] [id=18048]
  0x0000024520905800 WatcherThread [stack: 0x0000008686600000,0x0000008686700000] [id=17772]
  0x000002457903d000 GCTaskThread "GC Thread#0" [stack: 0x0000008684300000,0x0000008684400000] [id=17448]
  0x000002457903f800 GCTaskThread "GC Thread#1" [stack: 0x0000008684400000,0x0000008684500000] [id=14620]
  0x0000024579040800 GCTaskThread "GC Thread#2" [stack: 0x0000008684500000,0x0000008684600000] [id=16816]
  0x0000024579043000 GCTaskThread "GC Thread#3" [stack: 0x0000008684600000,0x0000008684700000] [id=14688]
  0x0000024579046800 GCTaskThread "GC Thread#4" [stack: 0x0000008684700000,0x0000008684800000] [id=15752]
  0x0000024579048000 GCTaskThread "GC Thread#5" [stack: 0x0000008684800000,0x0000008684900000] [id=10852]
  0x000002457904e000 GCTaskThread "GC Thread#6" [stack: 0x0000008684900000,0x0000008684a00000] [id=10280]
  0x0000024579050800 GCTaskThread "GC Thread#7" [stack: 0x0000008684a00000,0x0000008684b00000] [id=4664]
  0x000002457700e800 ConcurrentGCThread "G1 Main Marker" [stack: 0x0000008684b00000,0x0000008684c00000] [id=19132]
  0x00000245790a7800 ConcurrentGCThread "G1 Conc#0" [stack: 0x0000008684c00000,0x0000008684d00000] [id=9600]
  0x00000245790aa000 ConcurrentGCThread "G1 Conc#1" [stack: 0x0000008684d00000,0x0000008684e00000] [id=11212]
  0x000002457ecf7800 ConcurrentGCThread "G1 Refine#0" [stack: 0x0000008684e00000,0x0000008684f00000] [id=11132]
  0x000002457ecf8800 ConcurrentGCThread "G1 Refine#1" [stack: 0x0000008684f00000,0x0000008685000000] [id=4780]
  0x000002457ecfd800 ConcurrentGCThread "G1 Refine#2" [stack: 0x0000008685000000,0x0000008685100000] [id=17444]
  0x000002457ecfe800 ConcurrentGCThread "G1 Refine#3" [stack: 0x0000008685100000,0x0000008685200000] [id=1060]
  0x000002457ed07800 ConcurrentGCThread "G1 Refine#4" [stack: 0x0000008685200000,0x0000008685300000] [id=19144]
  0x000002457ed09800 ConcurrentGCThread "G1 Refine#5" [stack: 0x0000008685300000,0x0000008685400000] [id=17936]
  0x000002457ed1e800 ConcurrentGCThread "G1 Refine#6" [stack: 0x0000008685400000,0x0000008685500000] [id=19452]
  0x000002457ed1f000 ConcurrentGCThread "G1 Refine#7" [stack: 0x0000008685500000,0x0000008685600000] [id=9228]
  0x000002457ed22000 ConcurrentGCThread "G1 Young RemSet Sampling" [stack: 0x0000008685600000,0x0000008685700000] [id=17492]

Threads with active compile tasks:

VM state:at safepoint (normal execution)

VM Mutex/Monitor currently owned by a thread:  ([mutex/lock_event])
[0x000002457901f680] Threads_lock - owner thread: 0x000002457eda1000

Heap address: 0x00000006c1e00000, size: 4066 MB, Compressed Oops mode: Zero based, Oop shift amount: 3
Narrow klass base: 0x0000000000000000, Narrow klass shift: 3
Compressed class space size: 1073741824 Address: 0x00000007c0000000

Heap:
 garbage-first heap   total 262144K, used 4096K [0x00000006c1e00000, 0x00000007c0000000)
  region size 1024K, 5 young (5120K), 0 survivors (0K)
 Metaspace       used 6391K, capacity 6499K, committed 6784K, reserved 1056768K
  class space    used 523K, capacity 569K, committed 640K, reserved 1048576K
Heap Regions: E=young(eden), S=young(survivor), O=old, HS=humongous(starts), HC=humongous(continues), CS=collection set, F=free, A=archive, TS=gc time stamp, AC=allocation context, TAMS=top-at-mark-start (previous, next)
|   0|0x00000006c1e00000, 0x00000006c1e00000, 0x00000006c1f00000|  0%| F|  |TS  0|AC  0|TAMS 0x00000006c1e00000, 0x00000006c1e00000|
|   1|0x00000006c1f00000, 0x00000006c1f00000, 0x00000006c2000000|  0%| F|  |TS  0|AC  0|TAMS 0x00000006c1f00000, 0x00000006c1f00000|
|   2|0x00000006c2000000, 0x00000006c2000000, 0x00000006c2100000|  0%| F|  |TS  0|AC  0|TAMS 0x00000006c2000000, 0x00000006c2000000|
|   3|0x00000006c2100000, 0x00000006c2100000, 0x00000006c2200000|  0%| F|  |TS  0|AC  0|TAMS 0x00000006c2100000, 0x00000006c2100000|
|   4|0x00000006c2200000, 0x00000006c2200000, 0x00000006c2300000|  0%| F|  |TS  0|AC  0|TAMS 0x00000006c2200000, 0x00000006c2200000|
|   5|0x00000006c2300000, 0x00000006c2300000, 0x00000006c2400000|  0%| F|  |TS  0|AC  0|TAMS 0x00000006c2300000, 0x00000006c2300000|
|   6|0x00000006c2400000, 0x00000006c2400000, 0x00000006c2500000|  0%| F|  |TS  0|AC  0|TAMS 0x00000006c2400000, 0x00000006c2400000|
|   7|0x00000006c2500000, 0x00000006c2500000, 0x00000006c2600000|  0%| F|  |TS  0|AC  0|TAMS 0x00000006c2500000, 0x00000006c2500000|
|   8|0x00000006c2600000, 0x00000006c2600000, 0x00000006c2700000|  0%| F|  |TS  0|AC  0|TAMS 0x00000006c2600000, 0x00000006c2600000|
|   9|0x00000006c2700000, 0x00000006c2700000, 0x00000006c2800000|  0%| F|  |TS  0|AC  0|TAMS 0x00000006c2700000, 0x00000006c2700000|
|  10|0x00000006c2800000, 0x00000006c2800000, 0x00000006c2900000|  0%| F|  |TS  0|AC  0|TAMS 0x00000006c2800000, 0x00000006c2800000|
|  11|0x00000006c2900000, 0x00000006c2900000, 0x00000006c2a00000|  0%| F|  |TS  0|AC  0|TAMS 0x00000006c2900000, 0x00000006c2900000|
|  12|0x00000006c2a00000, 0x00000006c2a00000, 0x00000006c2b00000|  0%| F|  |TS  0|AC  0|TAMS 0x00000006c2a00000, 0x00000006c2a00000|
|  13|0x00000006c2b00000, 0x00000006c2b00000, 0x00000006c2c00000|  0%| F|  |TS  0|AC  0|TAMS 0x00000006c2b00000, 0x00000006c2b00000|
|  14|0x00000006c2c00000, 0x00000006c2c00000, 0x00000006c2d00000|  0%| F|  |TS  0|AC  0|TAMS 0x00000006c2c00000, 0x00000006c2c00000|
|  15|0x00000006c2d00000, 0x00000006c2d00000, 0x00000006c2e00000|  0%| F|  |TS  0|AC  0|TAMS 0x00000006c2d00000, 0x00000006c2d00000|
|  16|0x00000006c2e00000, 0x00000006c2e00000, 0x00000006c2f00000|  0%| F|  |TS  0|AC  0|TAMS 0x00000006c2e00000, 0x00000006c2e00000|
|  17|0x00000006c2f00000, 0x00000006c2f00000, 0x00000006c3000000|  0%| F|  |TS  0|AC  0|TAMS 0x00000006c2f00000, 0x00000006c2f00000|
|  18|0x00000006c3000000, 0x00000006c3000000, 0x00000006c3100000|  0%| F|  |TS  0|AC  0|TAMS 0x00000006c3000000, 0x00000006c3000000|
|  19|0x00000006c3100000, 0x00000006c3100000, 0x00000006c3200000|  0%| F|  |TS  0|AC  0|TAMS 0x00000006c3100000, 0x00000006c3100000|
|  20|0x00000006c3200000, 0x00000006c3200000, 0x00000006c3300000|  0%| F|  |TS  0|AC  0|TAMS 0x00000006c3200000, 0x00000006c3200000|
|  21|0x00000006c3300000, 0x00000006c3300000, 0x00000006c3400000|  0%| F|  |TS  0|AC  0|TAMS 0x00000006c3300000, 0x00000006c3300000|
|  22|0x00000006c3400000, 0x00000006c3400000, 0x00000006c3500000|  0%| F|  |TS  0|AC  0|TAMS 0x00000006c3400000, 0x00000006c3400000|
|  23|0x00000006c3500000, 0x00000006c3500000, 0x00000006c3600000|  0%| F|  |TS  0|AC  0|TAMS 0x00000006c3500000, 0x00000006c3500000|
|  24|0x00000006c3600000, 0x00000006c3600000, 0x00000006c3700000|  0%| F|  |TS  0|AC  0|TAMS 0x00000006c3600000, 0x00000006c3600000|
|  25|0x00000006c3700000, 0x00000006c3700000, 0x00000006c3800000|  0%| F|  |TS  0|AC  0|TAMS 0x00000006c3700000, 0x00000006c3700000|
|  26|0x00000006c3800000, 0x00000006c3800000, 0x00000006c3900000|  0%| F|  |TS  0|AC  0|TAMS 0x00000006c3800000, 0x00000006c3800000|
|  27|0x00000006c3900000, 0x00000006c3900000, 0x00000006c3a00000|  0%| F|  |TS  0|AC  0|TAMS 0x00000006c3900000, 0x00000006c3900000|
|  28|0x00000006c3a00000, 0x00000006c3a00000, 0x00000006c3b00000|  0%| F|  |TS  0|AC  0|TAMS 0x00000006c3a00000, 0x00000006c3a00000|
|  29|0x00000006c3b00000, 0x00000006c3b00000, 0x00000006c3c00000|  0%| F|  |TS  0|AC  0|TAMS 0x00000006c3b00000, 0x00000006c3b00000|
|  30|0x00000006c3c00000, 0x00000006c3c00000, 0x00000006c3d00000|  0%| F|  |TS  0|AC  0|TAMS 0x00000006c3c00000, 0x00000006c3c00000|
|  31|0x00000006c3d00000, 0x00000006c3d00000, 0x00000006c3e00000|  0%| F|  |TS  0|AC  0|TAMS 0x00000006c3d00000, 0x00000006c3d00000|
|  32|0x00000006c3e00000, 0x00000006c3e00000, 0x00000006c3f00000|  0%| F|  |TS  0|AC  0|TAMS 0x00000006c3e00000, 0x00000006c3e00000|
|  33|0x00000006c3f00000, 0x00000006c3f00000, 0x00000006c4000000|  0%| F|  |TS  0|AC  0|TAMS 0x00000006c3f00000, 0x00000006c3f00000|
|  34|0x00000006c4000000, 0x00000006c4000000, 0x00000006c4100000|  0%| F|  |TS  0|AC  0|TAMS 0x00000006c4000000, 0x00000006c4000000|
|  35|0x00000006c4100000, 0x00000006c4100000, 0x00000006c4200000|  0%| F|  |TS  0|AC  0|TAMS 0x00000006c4100000, 0x00000006c4100000|
|  36|0x00000006c4200000, 0x00000006c4200000, 0x00000006c4300000|  0%| F|  |TS  0|AC  0|TAMS 0x00000006c4200000, 0x00000006c4200000|
|  37|0x00000006c4300000, 0x00000006c4300000, 0x00000006c4400000|  0%| F|  |TS  0|AC  0|TAMS 0x00000006c4300000, 0x00000006c4300000|
|  38|0x00000006c4400000, 0x00000006c4400000, 0x00000006c4500000|  0%| F|  |TS  0|AC  0|TAMS 0x00000006c4400000, 0x00000006c4400000|
|  39|0x00000006c4500000, 0x00000006c4500000, 0x00000006c4600000|  0%| F|  |TS  0|AC  0|TAMS 0x00000006c4500000, 0x00000006c4500000|
|  40|0x00000006c4600000, 0x00000006c4600000, 0x00000006c4700000|  0%| F|  |TS  0|AC  0|TAMS 0x00000006c4600000, 0x00000006c4600000|
|  41|0x00000006c4700000, 0x00000006c4700000, 0x00000006c4800000|  0%| F|  |TS  0|AC  0|TAMS 0x00000006c4700000, 0x00000006c4700000|
|  42|0x00000006c4800000, 0x00000006c4800000, 0x00000006c4900000|  0%| F|  |TS  0|AC  0|TAMS 0x00000006c4800000, 0x00000006c4800000|
|  43|0x00000006c4900000, 0x00000006c4900000, 0x00000006c4a00000|  0%| F|  |TS  0|AC  0|TAMS 0x00000006c4900000, 0x00000006c4900000|
|  44|0x00000006c4a00000, 0x00000006c4a00000, 0x00000006c4b00000|  0%| F|  |TS  0|AC  0|TAMS 0x00000006c4a00000, 0x00000006c4a00000|
|  45|0x00000006c4b00000, 0x00000006c4b00000, 0x00000006c4c00000|  0%| F|  |TS  0|AC  0|TAMS 0x00000006c4b00000, 0x00000006c4b00000|
|  46|0x00000006c4c00000, 0x00000006c4c00000, 0x00000006c4d00000|  0%| F|  |TS  0|AC  0|TAMS 0x00000006c4c00000, 0x00000006c4c00000|
|  47|0x00000006c4d00000, 0x00000006c4d00000, 0x00000006c4e00000|  0%| F|  |TS  0|AC  0|TAMS 0x00000006c4d00000, 0x00000006c4d00000|
|  48|0x00000006c4e00000, 0x00000006c4e00000, 0x00000006c4f00000|  0%| F|  |TS  0|AC  0|TAMS 0x00000006c4e00000, 0x00000006c4e00000|
|  49|0x00000006c4f00000, 0x00000006c4f00000, 0x00000006c5000000|  0%| F|  |TS  0|AC  0|TAMS 0x00000006c4f00000, 0x00000006c4f00000|
|  50|0x00000006c5000000, 0x00000006c5000000, 0x00000006c5100000|  0%| F|  |TS  0|AC  0|TAMS 0x00000006c5000000, 0x00000006c5000000|
|  51|0x00000006c5100000, 0x00000006c5100000, 0x00000006c5200000|  0%| F|  |TS  0|AC  0|TAMS 0x00000006c5100000, 0x00000006c5100000|
|  52|0x00000006c5200000, 0x00000006c5200000, 0x00000006c5300000|  0%| F|  |TS  0|AC  0|TAMS 0x00000006c5200000, 0x00000006c5200000|
|  53|0x00000006c5300000, 0x00000006c5300000, 0x00000006c5400000|  0%| F|  |TS  0|AC  0|TAMS 0x00000006c5300000, 0x00000006c5300000|
|  54|0x00000006c5400000, 0x00000006c5400000, 0x00000006c5500000|  0%| F|  |TS  0|AC  0|TAMS 0x00000006c5400000, 0x00000006c5400000|
|  55|0x00000006c5500000, 0x00000006c5500000, 0x00000006c5600000|  0%| F|  |TS  0|AC  0|TAMS 0x00000006c5500000, 0x00000006c5500000|
|  56|0x00000006c5600000, 0x00000006c5600000, 0x00000006c5700000|  0%| F|  |TS  0|AC  0|TAMS 0x00000006c5600000, 0x00000006c5600000|
|  57|0x00000006c5700000, 0x00000006c5700000, 0x00000006c5800000|  0%| F|  |TS  0|AC  0|TAMS 0x00000006c5700000, 0x00000006c5700000|
|  58|0x00000006c5800000, 0x00000006c5800000, 0x00000006c5900000|  0%| F|  |TS  0|AC  0|TAMS 0x00000006c5800000, 0x00000006c5800000|
|  59|0x00000006c5900000, 0x00000006c5900000, 0x00000006c5a00000|  0%| F|  |TS  0|AC  0|TAMS 0x00000006c5900000, 0x00000006c5900000|
|  60|0x00000006c5a00000, 0x00000006c5a00000, 0x00000006c5b00000|  0%| F|  |TS  0|AC  0|TAMS 0x00000006c5a00000, 0x00000006c5a00000|
|  61|0x00000006c5b00000, 0x00000006c5b00000, 0x00000006c5c00000|  0%| F|  |TS  0|AC  0|TAMS 0x00000006c5b00000, 0x00000006c5b00000|
|  62|0x00000006c5c00000, 0x00000006c5c00000, 0x00000006c5d00000|  0%| F|  |TS  0|AC  0|TAMS 0x00000006c5c00000, 0x00000006c5c00000|
|  63|0x00000006c5d00000, 0x00000006c5d00000, 0x00000006c5e00000|  0%| F|  |TS  0|AC  0|TAMS 0x00000006c5d00000, 0x00000006c5d00000|
|  64|0x00000006c5e00000, 0x00000006c5e00000, 0x00000006c5f00000|  0%| F|  |TS  0|AC  0|TAMS 0x00000006c5e00000, 0x00000006c5e00000|
|  65|0x00000006c5f00000, 0x00000006c5f00000, 0x00000006c6000000|  0%| F|  |TS  0|AC  0|TAMS 0x00000006c5f00000, 0x00000006c5f00000|
|  66|0x00000006c6000000, 0x00000006c6000000, 0x00000006c6100000|  0%| F|  |TS  0|AC  0|TAMS 0x00000006c6000000, 0x00000006c6000000|
|  67|0x00000006c6100000, 0x00000006c6100000, 0x00000006c6200000|  0%| F|  |TS  0|AC  0|TAMS 0x00000006c6100000, 0x00000006c6100000|
|  68|0x00000006c6200000, 0x00000006c6200000, 0x00000006c6300000|  0%| F|  |TS  0|AC  0|TAMS 0x00000006c6200000, 0x00000006c6200000|
|  69|0x00000006c6300000, 0x00000006c6300000, 0x00000006c6400000|  0%| F|  |TS  0|AC  0|TAMS 0x00000006c6300000, 0x00000006c6300000|
|  70|0x00000006c6400000, 0x00000006c6400000, 0x00000006c6500000|  0%| F|  |TS  0|AC  0|TAMS 0x00000006c6400000, 0x00000006c6400000|
|  71|0x00000006c6500000, 0x00000006c6500000, 0x00000006c6600000|  0%| F|  |TS  0|AC  0|TAMS 0x00000006c6500000, 0x00000006c6500000|
|  72|0x00000006c6600000, 0x00000006c6600000, 0x00000006c6700000|  0%| F|  |TS  0|AC  0|TAMS 0x00000006c6600000, 0x00000006c6600000|
|  73|0x00000006c6700000, 0x00000006c6700000, 0x00000006c6800000|  0%| F|  |TS  0|AC  0|TAMS 0x00000006c6700000, 0x00000006c6700000|
|  74|0x00000006c6800000, 0x00000006c6800000, 0x00000006c6900000|  0%| F|  |TS  0|AC  0|TAMS 0x00000006c6800000, 0x00000006c6800000|
|  75|0x00000006c6900000, 0x00000006c6900000, 0x00000006c6a00000|  0%| F|  |TS  0|AC  0|TAMS 0x00000006c6900000, 0x00000006c6900000|
|  76|0x00000006c6a00000, 0x00000006c6a00000, 0x00000006c6b00000|  0%| F|  |TS  0|AC  0|TAMS 0x00000006c6a00000, 0x00000006c6a00000|
|  77|0x00000006c6b00000, 0x00000006c6b00000, 0x00000006c6c00000|  0%| F|  |TS  0|AC  0|TAMS 0x00000006c6b00000, 0x00000006c6b00000|
|  78|0x00000006c6c00000, 0x00000006c6c00000, 0x00000006c6d00000|  0%| F|  |TS  0|AC  0|TAMS 0x00000006c6c00000, 0x00000006c6c00000|
|  79|0x00000006c6d00000, 0x00000006c6d00000, 0x00000006c6e00000|  0%| F|  |TS  0|AC  0|TAMS 0x00000006c6d00000, 0x00000006c6d00000|
|  80|0x00000006c6e00000, 0x00000006c6e00000, 0x00000006c6f00000|  0%| F|  |TS  0|AC  0|TAMS 0x00000006c6e00000, 0x00000006c6e00000|
|  81|0x00000006c6f00000, 0x00000006c6f00000, 0x00000006c7000000|  0%| F|  |TS  0|AC  0|TAMS 0x00000006c6f00000, 0x00000006c6f00000|
|  82|0x00000006c7000000, 0x00000006c7000000, 0x00000006c7100000|  0%| F|  |TS  0|AC  0|TAMS 0x00000006c7000000, 0x00000006c7000000|
|  83|0x00000006c7100000, 0x00000006c7100000, 0x00000006c7200000|  0%| F|  |TS  0|AC  0|TAMS 0x00000006c7100000, 0x00000006c7100000|
|  84|0x00000006c7200000, 0x00000006c7200000, 0x00000006c7300000|  0%| F|  |TS  0|AC  0|TAMS 0x00000006c7200000, 0x00000006c7200000|
|  85|0x00000006c7300000, 0x00000006c7300000, 0x00000006c7400000|  0%| F|  |TS  0|AC  0|TAMS 0x00000006c7300000, 0x00000006c7300000|
|  86|0x00000006c7400000, 0x00000006c7400000, 0x00000006c7500000|  0%| F|  |TS  0|AC  0|TAMS 0x00000006c7400000, 0x00000006c7400000|
|  87|0x00000006c7500000, 0x00000006c7500000, 0x00000006c7600000|  0%| F|  |TS  0|AC  0|TAMS 0x00000006c7500000, 0x00000006c7500000|
|  88|0x00000006c7600000, 0x00000006c7600000, 0x00000006c7700000|  0%| F|  |TS  0|AC  0|TAMS 0x00000006c7600000, 0x00000006c7600000|
|  89|0x00000006c7700000, 0x00000006c7700000, 0x00000006c7800000|  0%| F|  |TS  0|AC  0|TAMS 0x00000006c7700000, 0x00000006c7700000|
|  90|0x00000006c7800000, 0x00000006c7800000, 0x00000006c7900000|  0%| F|  |TS  0|AC  0|TAMS 0x00000006c7800000, 0x00000006c7800000|
|  91|0x00000006c7900000, 0x00000006c7900000, 0x00000006c7a00000|  0%| F|  |TS  0|AC  0|TAMS 0x00000006c7900000, 0x00000006c7900000|
|  92|0x00000006c7a00000, 0x00000006c7a00000, 0x00000006c7b00000|  0%| F|  |TS  0|AC  0|TAMS 0x00000006c7a00000, 0x00000006c7a00000|
|  93|0x00000006c7b00000, 0x00000006c7b00000, 0x00000006c7c00000|  0%| F|  |TS  0|AC  0|TAMS 0x00000006c7b00000, 0x00000006c7b00000|
|  94|0x00000006c7c00000, 0x00000006c7c00000, 0x00000006c7d00000|  0%| F|  |TS  0|AC  0|TAMS 0x00000006c7c00000, 0x00000006c7c00000|
|  95|0x00000006c7d00000, 0x00000006c7d00000, 0x00000006c7e00000|  0%| F|  |TS  0|AC  0|TAMS 0x00000006c7d00000, 0x00000006c7d00000|
|  96|0x00000006c7e00000, 0x00000006c7e00000, 0x00000006c7f00000|  0%| F|  |TS  0|AC  0|TAMS 0x00000006c7e00000, 0x00000006c7e00000|
|  97|0x00000006c7f00000, 0x00000006c7f00000, 0x00000006c8000000|  0%| F|  |TS  0|AC  0|TAMS 0x00000006c7f00000, 0x00000006c7f00000|
|  98|0x00000006c8000000, 0x00000006c8000000, 0x00000006c8100000|  0%| F|  |TS  0|AC  0|TAMS 0x00000006c8000000, 0x00000006c8000000|
|  99|0x00000006c8100000, 0x00000006c8100000, 0x00000006c8200000|  0%| F|  |TS  0|AC  0|TAMS 0x00000006c8100000, 0x00000006c8100000|
| 100|0x00000006c8200000, 0x00000006c8200000, 0x00000006c8300000|  0%| F|  |TS  0|AC  0|TAMS 0x00000006c8200000, 0x00000006c8200000|
| 101|0x00000006c8300000, 0x00000006c8300000, 0x00000006c8400000|  0%| F|  |TS  0|AC  0|TAMS 0x00000006c8300000, 0x00000006c8300000|
| 102|0x00000006c8400000, 0x00000006c8400000, 0x00000006c8500000|  0%| F|  |TS  0|AC  0|TAMS 0x00000006c8400000, 0x00000006c8400000|
| 103|0x00000006c8500000, 0x00000006c8500000, 0x00000006c8600000|  0%| F|  |TS  0|AC  0|TAMS 0x00000006c8500000, 0x00000006c8500000|
| 104|0x00000006c8600000, 0x00000006c8600000, 0x00000006c8700000|  0%| F|  |TS  0|AC  0|TAMS 0x00000006c8600000, 0x00000006c8600000|
| 105|0x00000006c8700000, 0x00000006c8700000, 0x00000006c8800000|  0%| F|  |TS  0|AC  0|TAMS 0x00000006c8700000, 0x00000006c8700000|
| 106|0x00000006c8800000, 0x00000006c8800000, 0x00000006c8900000|  0%| F|  |TS  0|AC  0|TAMS 0x00000006c8800000, 0x00000006c8800000|
| 107|0x00000006c8900000, 0x00000006c8900000, 0x00000006c8a00000|  0%| F|  |TS  0|AC  0|TAMS 0x00000006c8900000, 0x00000006c8900000|
| 108|0x00000006c8a00000, 0x00000006c8a00000, 0x00000006c8b00000|  0%| F|  |TS  0|AC  0|TAMS 0x00000006c8a00000, 0x00000006c8a00000|
| 109|0x00000006c8b00000, 0x00000006c8b00000, 0x00000006c8c00000|  0%| F|  |TS  0|AC  0|TAMS 0x00000006c8b00000, 0x00000006c8b00000|
| 110|0x00000006c8c00000, 0x00000006c8c00000, 0x00000006c8d00000|  0%| F|  |TS  0|AC  0|TAMS 0x00000006c8c00000, 0x00000006c8c00000|
| 111|0x00000006c8d00000, 0x00000006c8d00000, 0x00000006c8e00000|  0%| F|  |TS  0|AC  0|TAMS 0x00000006c8d00000, 0x00000006c8d00000|
| 112|0x00000006c8e00000, 0x00000006c8e00000, 0x00000006c8f00000|  0%| F|  |TS  0|AC  0|TAMS 0x00000006c8e00000, 0x00000006c8e00000|
| 113|0x00000006c8f00000, 0x00000006c8f00000, 0x00000006c9000000|  0%| F|  |TS  0|AC  0|TAMS 0x00000006c8f00000, 0x00000006c8f00000|
| 114|0x00000006c9000000, 0x00000006c9000000, 0x00000006c9100000|  0%| F|  |TS  0|AC  0|TAMS 0x00000006c9000000, 0x00000006c9000000|
| 115|0x00000006c9100000, 0x00000006c9100000, 0x00000006c9200000|  0%| F|  |TS  0|AC  0|TAMS 0x00000006c9100000, 0x00000006c9100000|
| 116|0x00000006c9200000, 0x00000006c9200000, 0x00000006c9300000|  0%| F|  |TS  0|AC  0|TAMS 0x00000006c9200000, 0x00000006c9200000|
| 117|0x00000006c9300000, 0x00000006c9300000, 0x00000006c9400000|  0%| F|  |TS  0|AC  0|TAMS 0x00000006c9300000, 0x00000006c9300000|
| 118|0x00000006c9400000, 0x00000006c9400000, 0x00000006c9500000|  0%| F|  |TS  0|AC  0|TAMS 0x00000006c9400000, 0x00000006c9400000|
| 119|0x00000006c9500000, 0x00000006c9500000, 0x00000006c9600000|  0%| F|  |TS  0|AC  0|TAMS 0x00000006c9500000, 0x00000006c9500000|
| 120|0x00000006c9600000, 0x00000006c9600000, 0x00000006c9700000|  0%| F|  |TS  0|AC  0|TAMS 0x00000006c9600000, 0x00000006c9600000|
| 121|0x00000006c9700000, 0x00000006c9700000, 0x00000006c9800000|  0%| F|  |TS  0|AC  0|TAMS 0x00000006c9700000, 0x00000006c9700000|
| 122|0x00000006c9800000, 0x00000006c9800000, 0x00000006c9900000|  0%| F|  |TS  0|AC  0|TAMS 0x00000006c9800000, 0x00000006c9800000|
| 123|0x00000006c9900000, 0x00000006c9900000, 0x00000006c9a00000|  0%| F|  |TS  0|AC  0|TAMS 0x00000006c9900000, 0x00000006c9900000|
| 124|0x00000006c9a00000, 0x00000006c9a00000, 0x00000006c9b00000|  0%| F|  |TS  0|AC  0|TAMS 0x00000006c9a00000, 0x00000006c9a00000|
| 125|0x00000006c9b00000, 0x00000006c9b00000, 0x00000006c9c00000|  0%| F|  |TS  0|AC  0|TAMS 0x00000006c9b00000, 0x00000006c9b00000|
| 126|0x00000006c9c00000, 0x00000006c9c00000, 0x00000006c9d00000|  0%| F|  |TS  0|AC  0|TAMS 0x00000006c9c00000, 0x00000006c9c00000|
| 127|0x00000006c9d00000, 0x00000006c9d00000, 0x00000006c9e00000|  0%| F|  |TS  0|AC  0|TAMS 0x00000006c9d00000, 0x00000006c9d00000|
| 128|0x00000006c9e00000, 0x00000006c9e00000, 0x00000006c9f00000|  0%| F|  |TS  0|AC  0|TAMS 0x00000006c9e00000, 0x00000006c9e00000|
| 129|0x00000006c9f00000, 0x00000006c9f00000, 0x00000006ca000000|  0%| F|  |TS  0|AC  0|TAMS 0x00000006c9f00000, 0x00000006c9f00000|
| 130|0x00000006ca000000, 0x00000006ca000000, 0x00000006ca100000|  0%| F|  |TS  0|AC  0|TAMS 0x00000006ca000000, 0x00000006ca000000|
| 131|0x00000006ca100000, 0x00000006ca100000, 0x00000006ca200000|  0%| F|  |TS  0|AC  0|TAMS 0x00000006ca100000, 0x00000006ca100000|
| 132|0x00000006ca200000, 0x00000006ca200000, 0x00000006ca300000|  0%| F|  |TS  0|AC  0|TAMS 0x00000006ca200000, 0x00000006ca200000|
| 133|0x00000006ca300000, 0x00000006ca300000, 0x00000006ca400000|  0%| F|  |TS  0|AC  0|TAMS 0x00000006ca300000, 0x00000006ca300000|
| 134|0x00000006ca400000, 0x00000006ca400000, 0x00000006ca500000|  0%| F|  |TS  0|AC  0|TAMS 0x00000006ca400000, 0x00000006ca400000|
| 135|0x00000006ca500000, 0x00000006ca500000, 0x00000006ca600000|  0%| F|  |TS  0|AC  0|TAMS 0x00000006ca500000, 0x00000006ca500000|
| 136|0x00000006ca600000, 0x00000006ca600000, 0x00000006ca700000|  0%| F|  |TS  0|AC  0|TAMS 0x00000006ca600000, 0x00000006ca600000|
| 137|0x00000006ca700000, 0x00000006ca700000, 0x00000006ca800000|  0%| F|  |TS  0|AC  0|TAMS 0x00000006ca700000, 0x00000006ca700000|
| 138|0x00000006ca800000, 0x00000006ca800000, 0x00000006ca900000|  0%| F|  |TS  0|AC  0|TAMS 0x00000006ca800000, 0x00000006ca800000|
| 139|0x00000006ca900000, 0x00000006ca900000, 0x00000006caa00000|  0%| F|  |TS  0|AC  0|TAMS 0x00000006ca900000, 0x00000006ca900000|
| 140|0x00000006caa00000, 0x00000006caa00000, 0x00000006cab00000|  0%| F|  |TS  0|AC  0|TAMS 0x00000006caa00000, 0x00000006caa00000|
| 141|0x00000006cab00000, 0x00000006cab00000, 0x00000006cac00000|  0%| F|  |TS  0|AC  0|TAMS 0x00000006cab00000, 0x00000006cab00000|
| 142|0x00000006cac00000, 0x00000006cac00000, 0x00000006cad00000|  0%| F|  |TS  0|AC  0|TAMS 0x00000006cac00000, 0x00000006cac00000|
| 143|0x00000006cad00000, 0x00000006cad00000, 0x00000006cae00000|  0%| F|  |TS  0|AC  0|TAMS 0x00000006cad00000, 0x00000006cad00000|
| 144|0x00000006cae00000, 0x00000006cae00000, 0x00000006caf00000|  0%| F|  |TS  0|AC  0|TAMS 0x00000006cae00000, 0x00000006cae00000|
| 145|0x00000006caf00000, 0x00000006caf00000, 0x00000006cb000000|  0%| F|  |TS  0|AC  0|TAMS 0x00000006caf00000, 0x00000006caf00000|
| 146|0x00000006cb000000, 0x00000006cb000000, 0x00000006cb100000|  0%| F|  |TS  0|AC  0|TAMS 0x00000006cb000000, 0x00000006cb000000|
| 147|0x00000006cb100000, 0x00000006cb100000, 0x00000006cb200000|  0%| F|  |TS  0|AC  0|TAMS 0x00000006cb100000, 0x00000006cb100000|
| 148|0x00000006cb200000, 0x00000006cb200000, 0x00000006cb300000|  0%| F|  |TS  0|AC  0|TAMS 0x00000006cb200000, 0x00000006cb200000|
| 149|0x00000006cb300000, 0x00000006cb300000, 0x00000006cb400000|  0%| F|  |TS  0|AC  0|TAMS 0x00000006cb300000, 0x00000006cb300000|
| 150|0x00000006cb400000, 0x00000006cb400000, 0x00000006cb500000|  0%| F|  |TS  0|AC  0|TAMS 0x00000006cb400000, 0x00000006cb400000|
| 151|0x00000006cb500000, 0x00000006cb500000, 0x00000006cb600000|  0%| F|  |TS  0|AC  0|TAMS 0x00000006cb500000, 0x00000006cb500000|
| 152|0x00000006cb600000, 0x00000006cb600000, 0x00000006cb700000|  0%| F|  |TS  0|AC  0|TAMS 0x00000006cb600000, 0x00000006cb600000|
| 153|0x00000006cb700000, 0x00000006cb700000, 0x00000006cb800000|  0%| F|  |TS  0|AC  0|TAMS 0x00000006cb700000, 0x00000006cb700000|
| 154|0x00000006cb800000, 0x00000006cb800000, 0x00000006cb900000|  0%| F|  |TS  0|AC  0|TAMS 0x00000006cb800000, 0x00000006cb800000|
| 155|0x00000006cb900000, 0x00000006cb900000, 0x00000006cba00000|  0%| F|  |TS  0|AC  0|TAMS 0x00000006cb900000, 0x00000006cb900000|
| 156|0x00000006cba00000, 0x00000006cba00000, 0x00000006cbb00000|  0%| F|  |TS  0|AC  0|TAMS 0x00000006cba00000, 0x00000006cba00000|
| 157|0x00000006cbb00000, 0x00000006cbb00000, 0x00000006cbc00000|  0%| F|  |TS  0|AC  0|TAMS 0x00000006cbb00000, 0x00000006cbb00000|
| 158|0x00000006cbc00000, 0x00000006cbc00000, 0x00000006cbd00000|  0%| F|  |TS  0|AC  0|TAMS 0x00000006cbc00000, 0x00000006cbc00000|
| 159|0x00000006cbd00000, 0x00000006cbd00000, 0x00000006cbe00000|  0%| F|  |TS  0|AC  0|TAMS 0x00000006cbd00000, 0x00000006cbd00000|
| 160|0x00000006cbe00000, 0x00000006cbe00000, 0x00000006cbf00000|  0%| F|  |TS  0|AC  0|TAMS 0x00000006cbe00000, 0x00000006cbe00000|
| 161|0x00000006cbf00000, 0x00000006cbf00000, 0x00000006cc000000|  0%| F|  |TS  0|AC  0|TAMS 0x00000006cbf00000, 0x00000006cbf00000|
| 162|0x00000006cc000000, 0x00000006cc000000, 0x00000006cc100000|  0%| F|  |TS  0|AC  0|TAMS 0x00000006cc000000, 0x00000006cc000000|
| 163|0x00000006cc100000, 0x00000006cc100000, 0x00000006cc200000|  0%| F|  |TS  0|AC  0|TAMS 0x00000006cc100000, 0x00000006cc100000|
| 164|0x00000006cc200000, 0x00000006cc200000, 0x00000006cc300000|  0%| F|  |TS  0|AC  0|TAMS 0x00000006cc200000, 0x00000006cc200000|
| 165|0x00000006cc300000, 0x00000006cc300000, 0x00000006cc400000|  0%| F|  |TS  0|AC  0|TAMS 0x00000006cc300000, 0x00000006cc300000|
| 166|0x00000006cc400000, 0x00000006cc400000, 0x00000006cc500000|  0%| F|  |TS  0|AC  0|TAMS 0x00000006cc400000, 0x00000006cc400000|
| 167|0x00000006cc500000, 0x00000006cc500000, 0x00000006cc600000|  0%| F|  |TS  0|AC  0|TAMS 0x00000006cc500000, 0x00000006cc500000|
| 168|0x00000006cc600000, 0x00000006cc600000, 0x00000006cc700000|  0%| F|  |TS  0|AC  0|TAMS 0x00000006cc600000, 0x00000006cc600000|
| 169|0x00000006cc700000, 0x00000006cc700000, 0x00000006cc800000|  0%| F|  |TS  0|AC  0|TAMS 0x00000006cc700000, 0x00000006cc700000|
| 170|0x00000006cc800000, 0x00000006cc800000, 0x00000006cc900000|  0%| F|  |TS  0|AC  0|TAMS 0x00000006cc800000, 0x00000006cc800000|
| 171|0x00000006cc900000, 0x00000006cc900000, 0x00000006cca00000|  0%| F|  |TS  0|AC  0|TAMS 0x00000006cc900000, 0x00000006cc900000|
| 172|0x00000006cca00000, 0x00000006cca00000, 0x00000006ccb00000|  0%| F|  |TS  0|AC  0|TAMS 0x00000006cca00000, 0x00000006cca00000|
| 173|0x00000006ccb00000, 0x00000006ccb00000, 0x00000006ccc00000|  0%| F|  |TS  0|AC  0|TAMS 0x00000006ccb00000, 0x00000006ccb00000|
| 174|0x00000006ccc00000, 0x00000006ccc00000, 0x00000006ccd00000|  0%| F|  |TS  0|AC  0|TAMS 0x00000006ccc00000, 0x00000006ccc00000|
| 175|0x00000006ccd00000, 0x00000006ccd00000, 0x00000006cce00000|  0%| F|  |TS  0|AC  0|TAMS 0x00000006ccd00000, 0x00000006ccd00000|
| 176|0x00000006cce00000, 0x00000006cce00000, 0x00000006ccf00000|  0%| F|  |TS  0|AC  0|TAMS 0x00000006cce00000, 0x00000006cce00000|
| 177|0x00000006ccf00000, 0x00000006ccf00000, 0x00000006cd000000|  0%| F|  |TS  0|AC  0|TAMS 0x00000006ccf00000, 0x00000006ccf00000|
| 178|0x00000006cd000000, 0x00000006cd000000, 0x00000006cd100000|  0%| F|  |TS  0|AC  0|TAMS 0x00000006cd000000, 0x00000006cd000000|
| 179|0x00000006cd100000, 0x00000006cd100000, 0x00000006cd200000|  0%| F|  |TS  0|AC  0|TAMS 0x00000006cd100000, 0x00000006cd100000|
| 180|0x00000006cd200000, 0x00000006cd200000, 0x00000006cd300000|  0%| F|  |TS  0|AC  0|TAMS 0x00000006cd200000, 0x00000006cd200000|
| 181|0x00000006cd300000, 0x00000006cd300000, 0x00000006cd400000|  0%| F|  |TS  0|AC  0|TAMS 0x00000006cd300000, 0x00000006cd300000|
| 182|0x00000006cd400000, 0x00000006cd400000, 0x00000006cd500000|  0%| F|  |TS  0|AC  0|TAMS 0x00000006cd400000, 0x00000006cd400000|
| 183|0x00000006cd500000, 0x00000006cd500000, 0x00000006cd600000|  0%| F|  |TS  0|AC  0|TAMS 0x00000006cd500000, 0x00000006cd500000|
| 184|0x00000006cd600000, 0x00000006cd600000, 0x00000006cd700000|  0%| F|  |TS  0|AC  0|TAMS 0x00000006cd600000, 0x00000006cd600000|
| 185|0x00000006cd700000, 0x00000006cd700000, 0x00000006cd800000|  0%| F|  |TS  0|AC  0|TAMS 0x00000006cd700000, 0x00000006cd700000|
| 186|0x00000006cd800000, 0x00000006cd800000, 0x00000006cd900000|  0%| F|  |TS  0|AC  0|TAMS 0x00000006cd800000, 0x00000006cd800000|
| 187|0x00000006cd900000, 0x00000006cd900000, 0x00000006cda00000|  0%| F|  |TS  0|AC  0|TAMS 0x00000006cd900000, 0x00000006cd900000|
| 188|0x00000006cda00000, 0x00000006cda00000, 0x00000006cdb00000|  0%| F|  |TS  0|AC  0|TAMS 0x00000006cda00000, 0x00000006cda00000|
| 189|0x00000006cdb00000, 0x00000006cdb00000, 0x00000006cdc00000|  0%| F|  |TS  0|AC  0|TAMS 0x00000006cdb00000, 0x00000006cdb00000|
| 190|0x00000006cdc00000, 0x00000006cdc00000, 0x00000006cdd00000|  0%| F|  |TS  0|AC  0|TAMS 0x00000006cdc00000, 0x00000006cdc00000|
| 191|0x00000006cdd00000, 0x00000006cdd00000, 0x00000006cde00000|  0%| F|  |TS  0|AC  0|TAMS 0x00000006cdd00000, 0x00000006cdd00000|
| 192|0x00000006cde00000, 0x00000006cde00000, 0x00000006cdf00000|  0%| F|  |TS  0|AC  0|TAMS 0x00000006cde00000, 0x00000006cde00000|
| 193|0x00000006cdf00000, 0x00000006cdf00000, 0x00000006ce000000|  0%| F|  |TS  0|AC  0|TAMS 0x00000006cdf00000, 0x00000006cdf00000|
| 194|0x00000006ce000000, 0x00000006ce000000, 0x00000006ce100000|  0%| F|  |TS  0|AC  0|TAMS 0x00000006ce000000, 0x00000006ce000000|
| 195|0x00000006ce100000, 0x00000006ce100000, 0x00000006ce200000|  0%| F|  |TS  0|AC  0|TAMS 0x00000006ce100000, 0x00000006ce100000|
| 196|0x00000006ce200000, 0x00000006ce200000, 0x00000006ce300000|  0%| F|  |TS  0|AC  0|TAMS 0x00000006ce200000, 0x00000006ce200000|
| 197|0x00000006ce300000, 0x00000006ce300000, 0x00000006ce400000|  0%| F|  |TS  0|AC  0|TAMS 0x00000006ce300000, 0x00000006ce300000|
| 198|0x00000006ce400000, 0x00000006ce400000, 0x00000006ce500000|  0%| F|  |TS  0|AC  0|TAMS 0x00000006ce400000, 0x00000006ce400000|
| 199|0x00000006ce500000, 0x00000006ce500000, 0x00000006ce600000|  0%| F|  |TS  0|AC  0|TAMS 0x00000006ce500000, 0x00000006ce500000|
| 200|0x00000006ce600000, 0x00000006ce600000, 0x00000006ce700000|  0%| F|  |TS  0|AC  0|TAMS 0x00000006ce600000, 0x00000006ce600000|
| 201|0x00000006ce700000, 0x00000006ce700000, 0x00000006ce800000|  0%| F|  |TS  0|AC  0|TAMS 0x00000006ce700000, 0x00000006ce700000|
| 202|0x00000006ce800000, 0x00000006ce800000, 0x00000006ce900000|  0%| F|  |TS  0|AC  0|TAMS 0x00000006ce800000, 0x00000006ce800000|
| 203|0x00000006ce900000, 0x00000006ce900000, 0x00000006cea00000|  0%| F|  |TS  0|AC  0|TAMS 0x00000006ce900000, 0x00000006ce900000|
| 204|0x00000006cea00000, 0x00000006cea00000, 0x00000006ceb00000|  0%| F|  |TS  0|AC  0|TAMS 0x00000006cea00000, 0x00000006cea00000|
| 205|0x00000006ceb00000, 0x00000006ceb00000, 0x00000006cec00000|  0%| F|  |TS  0|AC  0|TAMS 0x00000006ceb00000, 0x00000006ceb00000|
| 206|0x00000006cec00000, 0x00000006cec00000, 0x00000006ced00000|  0%| F|  |TS  0|AC  0|TAMS 0x00000006cec00000, 0x00000006cec00000|
| 207|0x00000006ced00000, 0x00000006ced00000, 0x00000006cee00000|  0%| F|  |TS  0|AC  0|TAMS 0x00000006ced00000, 0x00000006ced00000|
| 208|0x00000006cee00000, 0x00000006cee00000, 0x00000006cef00000|  0%| F|  |TS  0|AC  0|TAMS 0x00000006cee00000, 0x00000006cee00000|
| 209|0x00000006cef00000, 0x00000006cef00000, 0x00000006cf000000|  0%| F|  |TS  0|AC  0|TAMS 0x00000006cef00000, 0x00000006cef00000|
| 210|0x00000006cf000000, 0x00000006cf000000, 0x00000006cf100000|  0%| F|  |TS  0|AC  0|TAMS 0x00000006cf000000, 0x00000006cf000000|
| 211|0x00000006cf100000, 0x00000006cf100000, 0x00000006cf200000|  0%| F|  |TS  0|AC  0|TAMS 0x00000006cf100000, 0x00000006cf100000|
| 212|0x00000006cf200000, 0x00000006cf200000, 0x00000006cf300000|  0%| F|  |TS  0|AC  0|TAMS 0x00000006cf200000, 0x00000006cf200000|
| 213|0x00000006cf300000, 0x00000006cf300000, 0x00000006cf400000|  0%| F|  |TS  0|AC  0|TAMS 0x00000006cf300000, 0x00000006cf300000|
| 214|0x00000006cf400000, 0x00000006cf400000, 0x00000006cf500000|  0%| F|  |TS  0|AC  0|TAMS 0x00000006cf400000, 0x00000006cf400000|
| 215|0x00000006cf500000, 0x00000006cf500000, 0x00000006cf600000|  0%| F|  |TS  0|AC  0|TAMS 0x00000006cf500000, 0x00000006cf500000|
| 216|0x00000006cf600000, 0x00000006cf600000, 0x00000006cf700000|  0%| F|  |TS  0|AC  0|TAMS 0x00000006cf600000, 0x00000006cf600000|
| 217|0x00000006cf700000, 0x00000006cf700000, 0x00000006cf800000|  0%| F|  |TS  0|AC  0|TAMS 0x00000006cf700000, 0x00000006cf700000|
| 218|0x00000006cf800000, 0x00000006cf800000, 0x00000006cf900000|  0%| F|  |TS  0|AC  0|TAMS 0x00000006cf800000, 0x00000006cf800000|
| 219|0x00000006cf900000, 0x00000006cf900000, 0x00000006cfa00000|  0%| F|  |TS  0|AC  0|TAMS 0x00000006cf900000, 0x00000006cf900000|
| 220|0x00000006cfa00000, 0x00000006cfa00000, 0x00000006cfb00000|  0%| F|  |TS  0|AC  0|TAMS 0x00000006cfa00000, 0x00000006cfa00000|
| 221|0x00000006cfb00000, 0x00000006cfb00000, 0x00000006cfc00000|  0%| F|  |TS  0|AC  0|TAMS 0x00000006cfb00000, 0x00000006cfb00000|
| 222|0x00000006cfc00000, 0x00000006cfc00000, 0x00000006cfd00000|  0%| F|  |TS  0|AC  0|TAMS 0x00000006cfc00000, 0x00000006cfc00000|
| 223|0x00000006cfd00000, 0x00000006cfd00000, 0x00000006cfe00000|  0%| F|  |TS  0|AC  0|TAMS 0x00000006cfd00000, 0x00000006cfd00000|
| 224|0x00000006cfe00000, 0x00000006cfe00000, 0x00000006cff00000|  0%| F|  |TS  0|AC  0|TAMS 0x00000006cfe00000, 0x00000006cfe00000|
| 225|0x00000006cff00000, 0x00000006cff00000, 0x00000006d0000000|  0%| F|  |TS  0|AC  0|TAMS 0x00000006cff00000, 0x00000006cff00000|
| 226|0x00000006d0000000, 0x00000006d0000000, 0x00000006d0100000|  0%| F|  |TS  0|AC  0|TAMS 0x00000006d0000000, 0x00000006d0000000|
| 227|0x00000006d0100000, 0x00000006d0100000, 0x00000006d0200000|  0%| F|  |TS  0|AC  0|TAMS 0x00000006d0100000, 0x00000006d0100000|
| 228|0x00000006d0200000, 0x00000006d0200000, 0x00000006d0300000|  0%| F|  |TS  0|AC  0|TAMS 0x00000006d0200000, 0x00000006d0200000|
| 229|0x00000006d0300000, 0x00000006d0300000, 0x00000006d0400000|  0%| F|  |TS  0|AC  0|TAMS 0x00000006d0300000, 0x00000006d0300000|
| 230|0x00000006d0400000, 0x00000006d0400000, 0x00000006d0500000|  0%| F|  |TS  0|AC  0|TAMS 0x00000006d0400000, 0x00000006d0400000|
| 231|0x00000006d0500000, 0x00000006d0500000, 0x00000006d0600000|  0%| F|  |TS  0|AC  0|TAMS 0x00000006d0500000, 0x00000006d0500000|
| 232|0x00000006d0600000, 0x00000006d0600000, 0x00000006d0700000|  0%| F|  |TS  0|AC  0|TAMS 0x00000006d0600000, 0x00000006d0600000|
| 233|0x00000006d0700000, 0x00000006d0700000, 0x00000006d0800000|  0%| F|  |TS  0|AC  0|TAMS 0x00000006d0700000, 0x00000006d0700000|
| 234|0x00000006d0800000, 0x00000006d0800000, 0x00000006d0900000|  0%| F|  |TS  0|AC  0|TAMS 0x00000006d0800000, 0x00000006d0800000|
| 235|0x00000006d0900000, 0x00000006d0900000, 0x00000006d0a00000|  0%| F|  |TS  0|AC  0|TAMS 0x00000006d0900000, 0x00000006d0900000|
| 236|0x00000006d0a00000, 0x00000006d0a00000, 0x00000006d0b00000|  0%| F|  |TS  0|AC  0|TAMS 0x00000006d0a00000, 0x00000006d0a00000|
| 237|0x00000006d0b00000, 0x00000006d0b00000, 0x00000006d0c00000|  0%| F|  |TS  0|AC  0|TAMS 0x00000006d0b00000, 0x00000006d0b00000|
| 238|0x00000006d0c00000, 0x00000006d0c00000, 0x00000006d0d00000|  0%| F|  |TS  0|AC  0|TAMS 0x00000006d0c00000, 0x00000006d0c00000|
| 239|0x00000006d0d00000, 0x00000006d0d00000, 0x00000006d0e00000|  0%| F|  |TS  0|AC  0|TAMS 0x00000006d0d00000, 0x00000006d0d00000|
| 240|0x00000006d0e00000, 0x00000006d0e00000, 0x00000006d0f00000|  0%| F|  |TS  0|AC  0|TAMS 0x00000006d0e00000, 0x00000006d0e00000|
| 241|0x00000006d0f00000, 0x00000006d0f00000, 0x00000006d1000000|  0%| F|  |TS  0|AC  0|TAMS 0x00000006d0f00000, 0x00000006d0f00000|
| 242|0x00000006d1000000, 0x00000006d1000000, 0x00000006d1100000|  0%| F|  |TS  0|AC  0|TAMS 0x00000006d1000000, 0x00000006d1000000|
| 243|0x00000006d1100000, 0x00000006d1100000, 0x00000006d1200000|  0%| F|  |TS  0|AC  0|TAMS 0x00000006d1100000, 0x00000006d1100000|
| 244|0x00000006d1200000, 0x00000006d1200000, 0x00000006d1300000|  0%| F|  |TS  0|AC  0|TAMS 0x00000006d1200000, 0x00000006d1200000|
| 245|0x00000006d1300000, 0x00000006d1300000, 0x00000006d1400000|  0%| F|  |TS  0|AC  0|TAMS 0x00000006d1300000, 0x00000006d1300000|
| 246|0x00000006d1400000, 0x00000006d1400000, 0x00000006d1500000|  0%| F|  |TS  0|AC  0|TAMS 0x00000006d1400000, 0x00000006d1400000|
| 247|0x00000006d1500000, 0x00000006d1500000, 0x00000006d1600000|  0%| F|  |TS  0|AC  0|TAMS 0x00000006d1500000, 0x00000006d1500000|
| 248|0x00000006d1600000, 0x00000006d1600000, 0x00000006d1700000|  0%| F|  |TS  0|AC  0|TAMS 0x00000006d1600000, 0x00000006d1600000|
| 249|0x00000006d1700000, 0x00000006d1700000, 0x00000006d1800000|  0%| F|  |TS  0|AC  0|TAMS 0x00000006d1700000, 0x00000006d1700000|
| 250|0x00000006d1800000, 0x00000006d1800000, 0x00000006d1900000|  0%| F|  |TS  0|AC  0|TAMS 0x00000006d1800000, 0x00000006d1800000|
| 251|0x00000006d1900000, 0x00000006d19f6c88, 0x00000006d1a00000| 96%| E|  |TS  0|AC  0|TAMS 0x00000006d1900000, 0x00000006d1900000|
| 252|0x00000006d1a00000, 0x00000006d1b00000, 0x00000006d1b00000|100%| E|CS|TS  0|AC  0|TAMS 0x00000006d1a00000, 0x00000006d1a00000|
| 253|0x00000006d1b00000, 0x00000006d1c00000, 0x00000006d1c00000|100%| E|CS|TS  0|AC  0|TAMS 0x00000006d1b00000, 0x00000006d1b00000|
| 254|0x00000006d1c00000, 0x00000006d1d00000, 0x00000006d1d00000|100%| E|CS|TS  0|AC  0|TAMS 0x00000006d1c00000, 0x00000006d1c00000|
| 255|0x00000006d1d00000, 0x00000006d1e00000, 0x00000006d1e00000|100%| E|CS|TS  0|AC  0|TAMS 0x00000006d1d00000, 0x00000006d1d00000|

Card table byte_map: [0x0000024579c20000,0x000002457a420000] byte_map_base: 0x0000024576611000

Marking Bits (Prev, Next): (CMBitMap*) 0x000002457ec38260, (CMBitMap*) 0x000002457ec38298
 Prev Bits: [0x000002457ac20000, 0x000002457eba8000)
 Next Bits: [0x000002451a2b0000, 0x000002451e238000)

Polling page: 0x0000024576f00000

CodeHeap 'non-profiled nmethods': size=120000Kb used=140Kb max_used=140Kb free=119859Kb
 bounds [0x0000024512d80000, 0x0000024512ff0000, 0x000002451a2b0000]
CodeHeap 'profiled nmethods': size=120000Kb used=758Kb max_used=758Kb free=119241Kb
 bounds [0x000002450b850000, 0x000002450bac0000, 0x0000024512d80000]
CodeHeap 'non-nmethods': size=5760Kb used=1130Kb max_used=1142Kb free=4629Kb
 bounds [0x000002450b2b0000, 0x000002450b520000, 0x000002450b850000]
 total_blobs=907 nmethods=478 adapters=254
 compilation: enabled

Compilation events (10 events):
Event: 850.227 Thread 0x0000024520398800  474       3       java.util.Arrays::copyOfRange (89 bytes)
Event: 850.228 Thread 0x0000024520398800 nmethod 474 0x000002450b909210 code [0x000002450b909500, 0x000002450b90a480]
Event: 850.229 Thread 0x0000024520398800  475       3       java.util.Arrays$ArrayItr::hasNext (18 bytes)
Event: 850.229 Thread 0x0000024520398800 nmethod 475 0x000002450b90a990 code [0x000002450b90ab40, 0x000002450b90ad18]
Event: 850.229 Thread 0x0000024520398800  477       3       java.lang.invoke.LambdaFormEditor::getInCache (186 bytes)
Event: 850.230 Thread 0x0000024520398800 nmethod 477 0x000002450b90ae10 code [0x000002450b90b0a0, 0x000002450b90c0d0]
Event: 850.230 Thread 0x0000024520398800  476       3       java.lang.invoke.LambdaFormEditor$Transform::<init> (28 bytes)
Event: 850.230 Thread 0x0000024520398800 nmethod 476 0x000002450b90c490 code [0x000002450b90c660, 0x000002450b90c9b0]
Event: 850.232 Thread 0x0000024520398800  478       3       java.lang.invoke.ClassSpecializer$SpeciesData::transformHelper (56 bytes)
Event: 850.232 Thread 0x0000024520398800 nmethod 478 0x000002450b90cb10 code [0x000002450b90cd40, 0x000002450b90d700]

GC Heap History (0 events):
No events

Deoptimization events (5 events):
Event: 0.134 Thread 0x0000024579023800 Uncommon trap: reason=unstable_if action=reinterpret pc=0x0000024512d8c2fc method=java.util.HashMap.putVal(ILjava/lang/Object;Ljava/lang/Object;ZZ)Ljava/lang/Object; @ 69 c2
Event: 0.134 Thread 0x0000024579023800 Uncommon trap: reason=unstable_if action=reinterpret pc=0x0000024512d8e8f4 method=java.util.HashMap.putVal(ILjava/lang/Object;Ljava/lang/Object;ZZ)Ljava/lang/Object; @ 69 c2
Event: 0.181 Thread 0x0000024579023800 Uncommon trap: reason=unstable_if action=reinterpret pc=0x0000024512d83b14 method=java.lang.String.hashCode()I @ 14 c2
Event: 22.493 Thread 0x0000024579023800 Uncommon trap: reason=unstable_if action=reinterpret pc=0x0000024512d92b7c method=java.lang.String.isLatin1()Z @ 10 c2
Event: 22.493 Thread 0x0000024579023800 Uncommon trap: reason=unstable_if action=reinterpret pc=0x0000024512d8897c method=java.lang.String.isLatin1()Z @ 10 c2

Classes redefined (10 events):
Event: 414.741 Thread 0x000002457eda1000 redefined class name=com.javarush.task.task08.task0824.Solution, count=2
Event: 414.742 Thread 0x000002457eda1000 redefined class name=com.javarush.task.task08.task0824.Solution$Human, count=2
Event: 460.840 Thread 0x000002457eda1000 redefined class name=com.javarush.task.task08.task0824.Solution, count=3
Event: 460.841 Thread 0x000002457eda1000 redefined class name=com.javarush.task.task08.task0824.Solution$Human, count=3
Event: 571.126 Thread 0x000002457eda1000 redefined class name=com.javarush.task.task08.task0824.Solution, count=4
Event: 571.127 Thread 0x000002457eda1000 redefined class name=com.javarush.task.task08.task0824.Solution$Human, count=4
Event: 850.175 Thread 0x000002457eda1000 redefined class name=com.javarush.task.task08.task0824.Solution, count=5
Event: 850.176 Thread 0x000002457eda1000 redefined class name=com.javarush.task.task08.task0824.Solution$Human, count=5
Event: 887.207 Thread 0x000002457eda1000 redefined class name=com.javarush.task.task08.task0824.Solution, count=6
Event: 887.209 Thread 0x000002457eda1000 redefined class name=com.javarush.task.task08.task0824.Solution$Human, count=6

Internal exceptions (10 events):
Event: 227.810 Thread 0x0000024579023800 Exception <a 'java/lang/NullPointerException'{0x00000006d1913f00}> (0x00000006d1913f00) thrown at [t:/workspace/open/src/hotspot/share/interpreter/linkResolver.cpp, line 1324]
Event: 227.815 Thread 0x0000024579023800 Exception <a 'java/lang/NullPointerException'{0x00000006d1914300}> (0x00000006d1914300) thrown at [t:/workspace/open/src/hotspot/share/interpreter/linkResolver.cpp, line 1324]
Event: 414.819 Thread 0x0000024579023800 Exception <a 'java/lang/NullPointerException'{0x00000006d1919c70}> (0x00000006d1919c70) thrown at [t:/workspace/open/src/hotspot/share/interpreter/linkResolver.cpp, line 1324]
Event: 414.823 Thread 0x0000024579023800 Exception <a 'java/lang/NullPointerException'{0x00000006d191a070}> (0x00000006d191a070) thrown at [t:/workspace/open/src/hotspot/share/interpreter/linkResolver.cpp, line 1324]
Event: 460.886 Thread 0x0000024579023800 Exception <a 'java/lang/NullPointerException'{0x00000006d191f9e0}> (0x00000006d191f9e0) thrown at [t:/workspace/open/src/hotspot/share/interpreter/linkResolver.cpp, line 1324]
Event: 460.888 Thread 0x0000024579023800 Exception <a 'java/lang/NullPointerException'{0x00000006d191fde0}> (0x00000006d191fde0) thrown at [t:/workspace/open/src/hotspot/share/interpreter/linkResolver.cpp, line 1324]
Event: 571.162 Thread 0x0000024579023800 Exception <a 'java/lang/NullPointerException'{0x00000006d1925750}> (0x00000006d1925750) thrown at [t:/workspace/open/src/hotspot/share/interpreter/linkResolver.cpp, line 1324]
Event: 571.164 Thread 0x0000024579023800 Exception <a 'java/lang/NullPointerException'{0x00000006d1925b50}> (0x00000006d1925b50) thrown at [t:/workspace/open/src/hotspot/share/interpreter/linkResolver.cpp, line 1324]
Event: 850.232 Thread 0x0000024579023800 Exception <a 'java/lang/NullPointerException'{0x00000006d192b4c0}> (0x00000006d192b4c0) thrown at [t:/workspace/open/src/hotspot/share/interpreter/linkResolver.cpp, line 1324]
Event: 850.234 Thread 0x0000024579023800 Exception <a 'java/lang/NullPointerException'{0x00000006d192b8c0}> (0x00000006d192b8c0) thrown at [t:/workspace/open/src/hotspot/share/interpreter/linkResolver.cpp, line 1324]

Events (10 events):
Event: 887.268 Executing VM operation: ChangeBreakpoints done
Event: 887.268 Executing VM operation: ChangeBreakpoints
Event: 887.268 Executing VM operation: ChangeBreakpoints done
Event: 887.269 Executing VM operation: ChangeBreakpoints
Event: 887.269 Executing VM operation: ChangeBreakpoints done
Event: 887.270 Executing VM operation: ChangeBreakpoints
Event: 887.270 Executing VM operation: ChangeBreakpoints done
Event: 887.274 Executing VM operation: ChangeBreakpoints
Event: 887.274 Executing VM operation: ChangeBreakpoints done
Event: 887.312 Executing VM operation: GetOrSetLocal


Dynamic libraries:
0x00007ff758e20000 - 0x00007ff758e5e000 	C:\Java\jdk-10.0.2\bin\java.exe
0x00007ff885e00000 - 0x00007ff885fe1000 	C:\WINDOWS\SYSTEM32\ntdll.dll
0x00007ff883e30000 - 0x00007ff883ee2000 	C:\WINDOWS\System32\KERNEL32.DLL
0x00007ff8827d0000 - 0x00007ff882a43000 	C:\WINDOWS\System32\KERNELBASE.dll
0x000000005da80000 - 0x000000005db15000 	C:\WINDOWS\System32\SYSFER.DLL
0x00007ff883670000 - 0x00007ff883711000 	C:\WINDOWS\System32\ADVAPI32.dll
0x00007ff885ca0000 - 0x00007ff885d3e000 	C:\WINDOWS\System32\msvcrt.dll
0x00007ff885d70000 - 0x00007ff885dcb000 	C:\WINDOWS\System32\sechost.dll
0x00007ff885700000 - 0x00007ff885824000 	C:\WINDOWS\System32\RPCRT4.dll
0x00007ff885aa0000 - 0x00007ff885c30000 	C:\WINDOWS\System32\USER32.dll
0x00007ff882610000 - 0x00007ff882630000 	C:\WINDOWS\System32\win32u.dll
0x00007ff883ef0000 - 0x00007ff883f18000 	C:\WINDOWS\System32\GDI32.dll
0x00007ff882630000 - 0x00007ff8827c2000 	C:\WINDOWS\System32\gdi32full.dll
0x00007ff8823c0000 - 0x00007ff88245f000 	C:\WINDOWS\System32\msvcp_win.dll
0x00007ff882460000 - 0x00007ff88255a000 	C:\WINDOWS\System32\ucrtbase.dll
0x00007ff86fed0000 - 0x00007ff870139000 	C:\WINDOWS\WinSxS\amd64_microsoft.windows.common-controls_6595b64144ccf1df_6.0.17134.228_none_fb4599993062b194\COMCTL32.dll
0x00007ff875220000 - 0x00007ff87522a000 	C:\WINDOWS\SYSTEM32\VERSION.dll
0x00007ff8853c0000 - 0x00007ff8856e3000 	C:\WINDOWS\System32\combase.dll
0x00007ff8831b0000 - 0x00007ff88322a000 	C:\WINDOWS\System32\bcryptPrimitives.dll
0x00007ff885d40000 - 0x00007ff885d6d000 	C:\WINDOWS\System32\IMM32.DLL
0x00007ff854af0000 - 0x00007ff854bdf000 	C:\Java\jdk-10.0.2\bin\msvcr120.dll
0x00007ff854a40000 - 0x00007ff854ae6000 	C:\Java\jdk-10.0.2\bin\msvcp120.dll
0x000000005b950000 - 0x000000005c3c0000 	C:\Java\jdk-10.0.2\bin\server\jvm.dll
0x00007ff8856f0000 - 0x00007ff8856f8000 	C:\WINDOWS\System32\PSAPI.DLL
0x00007ff8735c0000 - 0x00007ff8735c9000 	C:\WINDOWS\SYSTEM32\WSOCK32.dll
0x00007ff885c30000 - 0x00007ff885c9c000 	C:\WINDOWS\System32\WS2_32.dll
0x00007ff880210000 - 0x00007ff880233000 	C:\WINDOWS\SYSTEM32\WINMM.dll
0x00007ff8801e0000 - 0x00007ff88020a000 	C:\WINDOWS\SYSTEM32\WINMMBASE.dll
0x00007ff883160000 - 0x00007ff8831a9000 	C:\WINDOWS\System32\cfgmgr32.dll
0x00007ff87e960000 - 0x00007ff87e96f000 	C:\Java\jdk-10.0.2\bin\verify.dll
0x00007ff85ebf0000 - 0x00007ff85edb9000 	C:\WINDOWS\SYSTEM32\DBGHELP.DLL
0x00007ff8528b0000 - 0x00007ff8528d9000 	C:\WINDOWS\SYSTEM32\dbgcore.DLL
0x00007ff873ab0000 - 0x00007ff873ad7000 	C:\Java\jdk-10.0.2\bin\java.dll
0x00007ff852e40000 - 0x00007ff852e76000 	C:\Java\jdk-10.0.2\bin\jdwp.dll
0x00007ff855b20000 - 0x00007ff855b4a000 	C:\Java\jdk-10.0.2\bin\instrument.dll
0x00007ff87e940000 - 0x00007ff87e956000 	C:\Java\jdk-10.0.2\bin\zip.dll
0x00007ff87cc10000 - 0x00007ff87cc1a000 	C:\Java\jdk-10.0.2\bin\jimage.dll
0x00007ff883f80000 - 0x00007ff8853c0000 	C:\WINDOWS\System32\SHELL32.dll
0x00007ff8859f0000 - 0x00007ff885a99000 	C:\WINDOWS\System32\shcore.dll
0x00007ff882a50000 - 0x00007ff88315d000 	C:\WINDOWS\System32\windows.storage.dll
0x00007ff883dd0000 - 0x00007ff883e21000 	C:\WINDOWS\System32\shlwapi.dll
0x00007ff882140000 - 0x00007ff882151000 	C:\WINDOWS\System32\kernel.appcore.dll
0x00007ff882120000 - 0x00007ff88213f000 	C:\WINDOWS\System32\profapi.dll
0x00007ff882160000 - 0x00007ff8821ac000 	C:\WINDOWS\System32\powrprof.dll
0x00007ff882110000 - 0x00007ff88211a000 	C:\WINDOWS\System32\FLTLIB.DLL
0x00007ff877530000 - 0x00007ff87753a000 	C:\Java\jdk-10.0.2\bin\dt_socket.dll
0x00007ff881920000 - 0x00007ff881986000 	C:\WINDOWS\system32\mswsock.dll
0x00007ff877380000 - 0x00007ff87739a000 	C:\Java\jdk-10.0.2\bin\net.dll
0x00007ff87d270000 - 0x00007ff87d34c000 	C:\WINDOWS\SYSTEM32\WINHTTP.dll
0x00007ff86c9b0000 - 0x00007ff86c9c1000 	C:\Java\jdk-10.0.2\bin\nio.dll

dbghelp: loaded successfully - version: 4.0.5 - missing functions: none
symbol engine: initialized successfully - sym options: 0x614 - pdb path: .;C:\Java\jdk-10.0.2\bin;C:\WINDOWS\SYSTEM32;C:\WINDOWS\WinSxS\amd64_microsoft.windows.common-controls_6595b64144ccf1df_6.0.17134.228_none_fb4599993062b194;C:\Java\jdk-10.0.2\bin\server

VM Arguments:
jvm_args: -agentlib:jdwp=transport=dt_socket,address=127.0.0.1:64551,suspend=y,server=n -javaagent:C:\Users\Roman_Bogatov1\.IdeaIC2018.2\system\captureAgent\debugger-agent.jar=file:/C:/Users/Roman_Bogatov1/AppData/Local/Temp/capture.props -Dfile.encoding=UTF-8 
java_command: com.javarush.task.task08.task0824.Solution
java_class_path (initial): C:\JavaRushTasks\out\production\1.JavaSyntax;C:\IntelliJ IDEA Community Edition 2018.2.1\lib\idea_rt.jar
Launcher Type: SUN_STANDARD

Logging:
Log output configuration:
#0: stdout all=warning uptime,level,tags
#1: stderr all=off uptime,level,tags

Environment Variables:
PATH=C:\Program Files (x86)\Common Files\Oracle\Java\javapath;C:\WINDOWS\system32;C:\WINDOWS;C:\WINDOWS\System32\Wbem;C:\WINDOWS\System32\WindowsPowerShell\v1.0\;C:\WINDOWS\System32\OpenSSH\;C:\Program Files\TortoiseSVN\bin;C:\Python\;C:\Python\Scripts\;C:\Java\jdk-10.0.2\bin;C:\MyJavaApps\;C:\Program Files\Git\cmd;C:\Python\Scripts\;C:\Python\;C:\Users\Roman_Bogatov1\AppData\Local\Microsoft\WindowsApps;C:\Fiddler;C:\MyJavaApps\;
USERNAME=Roman_Bogatov1
OS=Windows_NT
PROCESSOR_IDENTIFIER=Intel64 Family 6 Model 158 Stepping 9, GenuineIntel



---------------  S Y S T E M  ---------------

OS: Windows 10 , 64 bit Build 17134 (10.0.17134.1)

CPU:total 8 (initial active 8) (4 cores per cpu, 2 threads per core) family 6 model 158 stepping 9, cmov, cx8, fxsr, mmx, sse, sse2, sse3, ssse3, sse4.1, sse4.2, popcnt, avx, avx2, aes, clmul, erms, rtm, 3dnowpref, lzcnt, ht, tsc, tscinvbit, bmi1, bmi2, adx, fma

Memory: 4k page, physical 16653512k(8465684k free), swap 17702088k(6607900k free)

vm_info: Java HotSpot(TM) 64-Bit Server VM (10.0.2+13) for windows-amd64 JRE (10.0.2+13), built on Jun 28 2018 01:57:56 by "mach5one" with MS VC++ 12.0 (VS2013)

END.
